Handling lib "rpc-service-atca"...
Handling lib "rpc-uart"...
Handling lib "wifi"...
Handling lib "rpc-service-config"...
Handling lib "ca-bundle"...
Handling lib "rpc-service-fs"...
Handling lib "rpc-mqtt"...
Handling lib "core"...
rpc-service-config: Checking out 2.10.1...
rpc-uart: Checking out 2.10.1...
rpc-service-atca: Checking out 2.10.1...
rpc-service-fs: Checking out 2.10.1...
ca-bundle: Checking out 2.10.1...
core: Checking out 2.10.1...
rpc-mqtt: Checking out 2.10.1...
wifi: Checking out 2.10.1...
rpc-service-config: Done, hash 8ceacef143f63104bf6b2ee2842358edf04bcce0
rpc-service-config: Hash unchanged at 8ceacef143f63104bf6b2ee2842358edf04bcce0 (dir "/home/fonfreyde/TMC/Projet/ESP8266/Mqtt/deps/rpc-service-config")
rpc-service-config: Prepared local dir: "/home/fonfreyde/TMC/Projet/ESP8266/Mqtt/deps/rpc-service-config"
Handling lib "rpc-common"...
rpc-service-atca: Done, hash d971678a491187c9d0338a1a55cb7af7af0be0c7
rpc-service-fs: Done, hash d51b3684c361cd0e5ebdfe456b6dacaeae17155e
ca-bundle: Done, hash d5a470b260e3485660ffed6b5b1c7c961bd2b88c
rpc-mqtt: Done, hash d668cd9d49fd1bd2643b6ffc61eef56aa06b6576
rpc-uart: Done, hash 45037dcad1a658ee0acf3d7247ca390dab977a87
rpc-service-atca: Hash unchanged at d971678a491187c9d0338a1a55cb7af7af0be0c7 (dir "/home/fonfreyde/TMC/Projet/ESP8266/Mqtt/deps/rpc-service-atca")
rpc-service-atca: Prepared local dir: "/home/fonfreyde/TMC/Projet/ESP8266/Mqtt/deps/rpc-service-atca"
rpc-service-fs: Hash unchanged at d51b3684c361cd0e5ebdfe456b6dacaeae17155e (dir "/home/fonfreyde/TMC/Projet/ESP8266/Mqtt/deps/rpc-service-fs")
rpc-service-fs: Prepared local dir: "/home/fonfreyde/TMC/Projet/ESP8266/Mqtt/deps/rpc-service-fs"
ca-bundle: Hash unchanged at d5a470b260e3485660ffed6b5b1c7c961bd2b88c (dir "/home/fonfreyde/TMC/Projet/ESP8266/Mqtt/deps/ca-bundle")
ca-bundle: Prepared local dir: "/home/fonfreyde/TMC/Projet/ESP8266/Mqtt/deps/ca-bundle"
core: Done, hash b713e39aa2828bcd6b0139fc07207d275be77a6e
Handling lib "atca"...
rpc-mqtt: Hash unchanged at d668cd9d49fd1bd2643b6ffc61eef56aa06b6576 (dir "/home/fonfreyde/TMC/Projet/ESP8266/Mqtt/deps/rpc-mqtt")
rpc-mqtt: Prepared local dir: "/home/fonfreyde/TMC/Projet/ESP8266/Mqtt/deps/rpc-mqtt"
Handling lib "mqtt"...
rpc-uart: Hash unchanged at 45037dcad1a658ee0acf3d7247ca390dab977a87 (dir "/home/fonfreyde/TMC/Projet/ESP8266/Mqtt/deps/rpc-uart")
wifi: Done, hash 91be6608ff9ee490f0654330f0978d73958123b9
rpc-uart: Prepared local dir: "/home/fonfreyde/TMC/Projet/ESP8266/Mqtt/deps/rpc-uart"
core: Hash unchanged at b713e39aa2828bcd6b0139fc07207d275be77a6e (dir "/home/fonfreyde/TMC/Projet/ESP8266/Mqtt/deps/core")
core: Prepared local dir: "/home/fonfreyde/TMC/Projet/ESP8266/Mqtt/deps/core"
Handling lib "mongoose"...
Handling lib "vfs-dev-part"...
Handling lib "vfs-fs-spiffs"...
wifi: Hash unchanged at 91be6608ff9ee490f0654330f0978d73958123b9 (dir "/home/fonfreyde/TMC/Projet/ESP8266/Mqtt/deps/wifi")
wifi: Prepared local dir: "/home/fonfreyde/TMC/Projet/ESP8266/Mqtt/deps/wifi"
mqtt: Checking out 2.10.1...
atca: Checking out 2.10.1...
vfs-fs-spiffs: Checking out 2.10.1...
rpc-common: Checking out 2.10.1...
mqtt: Done, hash eed778bc1c07d58cef9ba43d6f6c579cba9437b6
vfs-dev-part: Checking out 2.10.1...
mongoose: Checking out 2.10.1...
mqtt: Hash unchanged at eed778bc1c07d58cef9ba43d6f6c579cba9437b6 (dir "/home/fonfreyde/TMC/Projet/ESP8266/Mqtt/deps/mqtt")
mqtt: Prepared local dir: "/home/fonfreyde/TMC/Projet/ESP8266/Mqtt/deps/mqtt"
vfs-fs-spiffs: Done, hash d92144e49f25a7efe7501b22f95c2aa68cb57a3e
rpc-common: Done, hash a20f1fa465aa440884fd67cf1fe9d66434829717
atca: Done, hash df2bbaf0d1279ab104459bbadf1477daf4b39e08
vfs-fs-spiffs: Hash unchanged at d92144e49f25a7efe7501b22f95c2aa68cb57a3e (dir "/home/fonfreyde/TMC/Projet/ESP8266/Mqtt/deps/vfs-fs-spiffs")
vfs-fs-spiffs: Prepared local dir: "/home/fonfreyde/TMC/Projet/ESP8266/Mqtt/deps/vfs-fs-spiffs"
Handling lib "vfs-common"...
rpc-common: Hash unchanged at a20f1fa465aa440884fd67cf1fe9d66434829717 (dir "/home/fonfreyde/TMC/Projet/ESP8266/Mqtt/deps/rpc-common")
rpc-common: Prepared local dir: "/home/fonfreyde/TMC/Projet/ESP8266/Mqtt/deps/rpc-common"
vfs-dev-part: Done, hash 5a7aadd66bfcee7c4391120fc6636f20272bda0a
atca: Hash unchanged at df2bbaf0d1279ab104459bbadf1477daf4b39e08 (dir "/home/fonfreyde/TMC/Projet/ESP8266/Mqtt/deps/atca")
atca: Prepared local dir: "/home/fonfreyde/TMC/Projet/ESP8266/Mqtt/deps/atca"
Handling lib "i2c"...
vfs-dev-part: Hash unchanged at 5a7aadd66bfcee7c4391120fc6636f20272bda0a (dir "/home/fonfreyde/TMC/Projet/ESP8266/Mqtt/deps/vfs-dev-part")
vfs-dev-part: Prepared local dir: "/home/fonfreyde/TMC/Projet/ESP8266/Mqtt/deps/vfs-dev-part"
mongoose: Done, hash 641a97054f1aa5b9fea30bc9822b208ed455345b
mongoose: Hash unchanged at 641a97054f1aa5b9fea30bc9822b208ed455345b (dir "/home/fonfreyde/TMC/Projet/ESP8266/Mqtt/deps/mongoose")
mongoose: Prepared local dir: "/home/fonfreyde/TMC/Projet/ESP8266/Mqtt/deps/mongoose"
Handling lib "mbedtls"...
i2c: Checking out 2.10.1...
vfs-common: Checking out 2.10.1...
vfs-common: Done, hash 9ac59e5c8b6728377d4c8ea283324f529f203452
i2c: Done, hash f5ee069d94aa2ae7c627646e5f237f50e8c7001e
vfs-common: Hash unchanged at 9ac59e5c8b6728377d4c8ea283324f529f203452 (dir "/home/fonfreyde/TMC/Projet/ESP8266/Mqtt/deps/vfs-common")
vfs-common: Prepared local dir: "/home/fonfreyde/TMC/Projet/ESP8266/Mqtt/deps/vfs-common"
i2c: Hash unchanged at f5ee069d94aa2ae7c627646e5f237f50e8c7001e (dir "/home/fonfreyde/TMC/Projet/ESP8266/Mqtt/deps/i2c")
i2c: Prepared local dir: "/home/fonfreyde/TMC/Projet/ESP8266/Mqtt/deps/i2c"
mbedtls: Checking out 2.10.1...
mbedtls: Done, hash 2afc76125735e840957d26175d92b9ec682215cc
mbedtls: Hash unchanged at 2afc76125735e840957d26175d92b9ec682215cc (dir "/home/fonfreyde/TMC/Projet/ESP8266/Mqtt/deps/mbedtls")
mbedtls: Prepared local dir: "/home/fonfreyde/TMC/Projet/ESP8266/Mqtt/deps/mbedtls"
The flag --repo is not given, going to use mongoose-os repository
mongoose-os: Checking out 2.10.1...
mongoose-os: Done, hash 64f054446415f87e85fbffbb8f75a94892dff4c5
Prebuilt binary for "mbedtls" already exists at "/home/fonfreyde/TMC/Projet/ESP8266/Mqtt/deps/mbedtls/lib/esp8266/libmbedtls.a"
Prebuilt binary for "mongoose" already exists at "/home/fonfreyde/TMC/Projet/ESP8266/Mqtt/deps/mongoose/lib/esp8266/libmongoose.a"
Sources: [/home/fonfreyde/TMC/Projet/ESP8266/Mqtt/src/main.c /home/fonfreyde/TMC/Projet/ESP8266/Mqtt/build/gen/mgos_deps_init.c /home/fonfreyde/TMC/Projet/ESP8266/Mqtt/deps/i2c/src/mgos_i2c.c /home/fonfreyde/TMC/Projet/ESP8266/Mqtt/deps/i2c/src/common_gpio/mgos_i2c_gpio.c /home/fonfreyde/TMC/Projet/ESP8266/Mqtt/deps/atca/src/mgos_atca.c /home/fonfreyde/TMC/Projet/ESP8266/Mqtt/deps/atca/cryptoauthlib/lib/atca_cfgs.c /home/fonfreyde/TMC/Projet/ESP8266/Mqtt/deps/atca/cryptoauthlib/lib/atca_command.c /home/fonfreyde/TMC/Projet/ESP8266/Mqtt/deps/atca/cryptoauthlib/lib/atca_device.c /home/fonfreyde/TMC/Projet/ESP8266/Mqtt/deps/atca/cryptoauthlib/lib/atca_iface.c /home/fonfreyde/TMC/Projet/ESP8266/Mqtt/deps/atca/cryptoauthlib/lib/basic/atca_basic.c /home/fonfreyde/TMC/Projet/ESP8266/Mqtt/deps/atca/cryptoauthlib/lib/basic/atca_helpers.c /home/fonfreyde/TMC/Projet/ESP8266/Mqtt/deps/atca/cryptoauthlib/lib/host/atca_host.c /home/fonfreyde/TMC/Projet/ESP8266/Mqtt/deps/vfs-common/src/mgos_vfs.c /home/fonfreyde/TMC/Projet/ESP8266/Mqtt/deps/vfs-common/src/mgos_vfs_dev.c /home/fonfreyde/TMC/Projet/ESP8266/Mqtt/deps/vfs-common/src/mgos_vfs_internal.c /home/fonfreyde/TMC/Projet/ESP8266/Mqtt/deps/vfs-common/src/esp8266/esp_flash_writer.c /home/fonfreyde/TMC/Projet/ESP8266/Mqtt/deps/vfs-common/src/esp8266/esp_fs.c /home/fonfreyde/TMC/Projet/ESP8266/Mqtt/deps/vfs-common/src/esp8266/esp_vfs_dev_sysflash.c /home/fonfreyde/TMC/Projet/ESP8266/Mqtt/deps/vfs-dev-part/src/mgos_vfs_dev_part.c /home/fonfreyde/TMC/Projet/ESP8266/Mqtt/deps/vfs-fs-spiffs/src/mgos_vfs_fs_spiffs.c /home/fonfreyde/TMC/Projet/ESP8266/Mqtt/deps/vfs-fs-spiffs/src/spiffs/spiffs_cache.c /home/fonfreyde/TMC/Projet/ESP8266/Mqtt/deps/vfs-fs-spiffs/src/spiffs/spiffs_check.c /home/fonfreyde/TMC/Projet/ESP8266/Mqtt/deps/vfs-fs-spiffs/src/spiffs/spiffs_gc.c /home/fonfreyde/TMC/Projet/ESP8266/Mqtt/deps/vfs-fs-spiffs/src/spiffs/spiffs_hydrogen.c /home/fonfreyde/TMC/Projet/ESP8266/Mqtt/deps/vfs-fs-spiffs/src/spiffs/spiffs_nucleus.c /home/fonfreyde/TMC/Projet/ESP8266/Mqtt/deps/core/src/mgos_core.c /home/fonfreyde/TMC/Projet/ESP8266/Mqtt/deps/core/src/esp8266/esp_rboot.c /home/fonfreyde/TMC/Projet/ESP8266/Mqtt/deps/mqtt/src/mgos_mqtt.c /home/fonfreyde/TMC/Projet/ESP8266/Mqtt/deps/rpc-common/src/mg_rpc.c /home/fonfreyde/TMC/Projet/ESP8266/Mqtt/deps/rpc-common/src/mg_rpc_channel.c /home/fonfreyde/TMC/Projet/ESP8266/Mqtt/deps/rpc-common/src/mg_rpc_channel_http.c /home/fonfreyde/TMC/Projet/ESP8266/Mqtt/deps/rpc-common/src/mgos_rpc.c /home/fonfreyde/TMC/Projet/ESP8266/Mqtt/deps/rpc-mqtt/src/mgos_rpc_channel_mqtt.c /home/fonfreyde/TMC/Projet/ESP8266/Mqtt/deps/rpc-service-atca/src/mgos_atca_service.c /home/fonfreyde/TMC/Projet/ESP8266/Mqtt/deps/rpc-service-config/src/mgos_service_config.c /home/fonfreyde/TMC/Projet/ESP8266/Mqtt/deps/rpc-service-fs/src/mgos_service_filesystem.c /home/fonfreyde/TMC/Projet/ESP8266/Mqtt/deps/rpc-uart/src/mgos_rpc_channel_uart.c /home/fonfreyde/TMC/Projet/ESP8266/Mqtt/deps/wifi/src/mgos_wifi.c /home/fonfreyde/TMC/Projet/ESP8266/Mqtt/deps/wifi/src/mjs_wifi.c /home/fonfreyde/TMC/Projet/ESP8266/Mqtt/deps/wifi/esp8266/src/esp_wifi.c]
Include dirs: [/home/fonfreyde/TMC/Projet/ESP8266/Mqtt/deps/i2c/include /home/fonfreyde/TMC/Projet/ESP8266/Mqtt/deps/atca/include /home/fonfreyde/TMC/Projet/ESP8266/Mqtt/deps/atca/cryptoauthlib/lib /home/fonfreyde/TMC/Projet/ESP8266/Mqtt/deps/mbedtls/include /home/fonfreyde/TMC/Projet/ESP8266/Mqtt/deps/mbedtls/include/esp8266 /home/fonfreyde/TMC/Projet/ESP8266/Mqtt/deps/mbedtls/mbedtls/include /home/fonfreyde/TMC/Projet/ESP8266/Mqtt/deps/vfs-common/include /home/fonfreyde/TMC/Projet/ESP8266/Mqtt/deps/vfs-common/include/esp8266 /home/fonfreyde/TMC/Projet/ESP8266/Mqtt/deps/mongoose/include /home/fonfreyde/TMC/Projet/ESP8266/Mqtt/deps/vfs-dev-part/include /home/fonfreyde/TMC/Projet/ESP8266/Mqtt/deps/vfs-fs-spiffs/include /home/fonfreyde/TMC/Projet/ESP8266/Mqtt/deps/vfs-fs-spiffs/include/spiffs /home/fonfreyde/TMC/Projet/ESP8266/Mqtt/deps/vfs-fs-spiffs/include/esp8266 /home/fonfreyde/TMC/Projet/ESP8266/Mqtt/deps/core/include /home/fonfreyde/TMC/Projet/ESP8266/Mqtt/deps/core/include/esp8266 /home/fonfreyde/TMC/Projet/ESP8266/Mqtt/deps/mqtt/include /home/fonfreyde/TMC/Projet/ESP8266/Mqtt/deps/rpc-common/include /home/fonfreyde/TMC/Projet/ESP8266/Mqtt/deps/rpc-mqtt/include /home/fonfreyde/TMC/Projet/ESP8266/Mqtt/deps/rpc-service-config/include /home/fonfreyde/TMC/Projet/ESP8266/Mqtt/deps/rpc-service-fs/include /home/fonfreyde/TMC/Projet/ESP8266/Mqtt/deps/rpc-uart/include /home/fonfreyde/TMC/Projet/ESP8266/Mqtt/deps/wifi/include]
Binary libs: [/home/fonfreyde/TMC/Projet/ESP8266/Mqtt/deps/mbedtls/lib/esp8266/libmbedtls.a /home/fonfreyde/TMC/Projet/ESP8266/Mqtt/deps/mongoose/lib/esp8266/libmongoose.a]
Building...
mount from "/home/fonfreyde/TMC/Projet/ESP8266/Mqtt" to "/app"
mount from "/home/fonfreyde/TMC/Projet/ESP8266/Mqtt/deps/modules/mongoose-os" to "/mongoose-os"
mount from "/home/fonfreyde/TMC/Projet/ESP8266/Mqtt/deps/modules/mongoose-os" to "/home/fonfreyde/TMC/Projet/ESP8266/Mqtt/deps/modules/mongoose-os"
mount from "/home/fonfreyde/TMC/Projet/ESP8266/Mqtt/build" to "/home/fonfreyde/TMC/Projet/ESP8266/Mqtt/build"
mount from "/home/fonfreyde/TMC/Projet/ESP8266/Mqtt/src" to "/home/fonfreyde/TMC/Projet/ESP8266/Mqtt/src"
mount from "/home/fonfreyde/TMC/Projet/ESP8266/Mqtt/build/gen" to "/home/fonfreyde/TMC/Projet/ESP8266/Mqtt/build/gen"
mount from "/home/fonfreyde/TMC/Projet/ESP8266/Mqtt/deps/i2c/src" to "/home/fonfreyde/TMC/Projet/ESP8266/Mqtt/deps/i2c/src"
mount from "/home/fonfreyde/TMC/Projet/ESP8266/Mqtt/deps/i2c/src/common_gpio" to "/home/fonfreyde/TMC/Projet/ESP8266/Mqtt/deps/i2c/src/common_gpio"
mount from "/home/fonfreyde/TMC/Projet/ESP8266/Mqtt/deps/atca/src" to "/home/fonfreyde/TMC/Projet/ESP8266/Mqtt/deps/atca/src"
mount from "/home/fonfreyde/TMC/Projet/ESP8266/Mqtt/deps/atca/cryptoauthlib/lib" to "/home/fonfreyde/TMC/Projet/ESP8266/Mqtt/deps/atca/cryptoauthlib/lib"
mount from "/home/fonfreyde/TMC/Projet/ESP8266/Mqtt/deps/atca/cryptoauthlib/lib/basic" to "/home/fonfreyde/TMC/Projet/ESP8266/Mqtt/deps/atca/cryptoauthlib/lib/basic"
mount from "/home/fonfreyde/TMC/Projet/ESP8266/Mqtt/deps/atca/cryptoauthlib/lib/crypto" to "/home/fonfreyde/TMC/Projet/ESP8266/Mqtt/deps/atca/cryptoauthlib/lib/crypto"
mount from "/home/fonfreyde/TMC/Projet/ESP8266/Mqtt/deps/atca/cryptoauthlib/lib/hal" to "/home/fonfreyde/TMC/Projet/ESP8266/Mqtt/deps/atca/cryptoauthlib/lib/hal"
mount from "/home/fonfreyde/TMC/Projet/ESP8266/Mqtt/deps/atca/cryptoauthlib/lib/host" to "/home/fonfreyde/TMC/Projet/ESP8266/Mqtt/deps/atca/cryptoauthlib/lib/host"
mount from "/home/fonfreyde/TMC/Projet/ESP8266/Mqtt/deps/vfs-common/src" to "/home/fonfreyde/TMC/Projet/ESP8266/Mqtt/deps/vfs-common/src"
mount from "/home/fonfreyde/TMC/Projet/ESP8266/Mqtt/deps/vfs-common/src/esp8266" to "/home/fonfreyde/TMC/Projet/ESP8266/Mqtt/deps/vfs-common/src/esp8266"
mount from "/home/fonfreyde/TMC/Projet/ESP8266/Mqtt/deps/vfs-dev-part/src" to "/home/fonfreyde/TMC/Projet/ESP8266/Mqtt/deps/vfs-dev-part/src"
mount from "/home/fonfreyde/TMC/Projet/ESP8266/Mqtt/deps/vfs-fs-spiffs/src" to "/home/fonfreyde/TMC/Projet/ESP8266/Mqtt/deps/vfs-fs-spiffs/src"
mount from "/home/fonfreyde/TMC/Projet/ESP8266/Mqtt/deps/vfs-fs-spiffs/src/spiffs" to "/home/fonfreyde/TMC/Projet/ESP8266/Mqtt/deps/vfs-fs-spiffs/src/spiffs"
mount from "/home/fonfreyde/TMC/Projet/ESP8266/Mqtt/deps/core/src" to "/home/fonfreyde/TMC/Projet/ESP8266/Mqtt/deps/core/src"
mount from "/home/fonfreyde/TMC/Projet/ESP8266/Mqtt/deps/core/src/esp8266" to "/home/fonfreyde/TMC/Projet/ESP8266/Mqtt/deps/core/src/esp8266"
mount from "/home/fonfreyde/TMC/Projet/ESP8266/Mqtt/deps/mqtt/src" to "/home/fonfreyde/TMC/Projet/ESP8266/Mqtt/deps/mqtt/src"
mount from "/home/fonfreyde/TMC/Projet/ESP8266/Mqtt/deps/rpc-common/src" to "/home/fonfreyde/TMC/Projet/ESP8266/Mqtt/deps/rpc-common/src"
mount from "/home/fonfreyde/TMC/Projet/ESP8266/Mqtt/deps/rpc-mqtt/src" to "/home/fonfreyde/TMC/Projet/ESP8266/Mqtt/deps/rpc-mqtt/src"
mount from "/home/fonfreyde/TMC/Projet/ESP8266/Mqtt/deps/rpc-service-atca/src" to "/home/fonfreyde/TMC/Projet/ESP8266/Mqtt/deps/rpc-service-atca/src"
mount from "/home/fonfreyde/TMC/Projet/ESP8266/Mqtt/deps/rpc-service-config/src" to "/home/fonfreyde/TMC/Projet/ESP8266/Mqtt/deps/rpc-service-config/src"
mount from "/home/fonfreyde/TMC/Projet/ESP8266/Mqtt/deps/rpc-service-fs/src" to "/home/fonfreyde/TMC/Projet/ESP8266/Mqtt/deps/rpc-service-fs/src"
mount from "/home/fonfreyde/TMC/Projet/ESP8266/Mqtt/deps/rpc-uart/src" to "/home/fonfreyde/TMC/Projet/ESP8266/Mqtt/deps/rpc-uart/src"
mount from "/home/fonfreyde/TMC/Projet/ESP8266/Mqtt/deps/wifi/src" to "/home/fonfreyde/TMC/Projet/ESP8266/Mqtt/deps/wifi/src"
mount from "/home/fonfreyde/TMC/Projet/ESP8266/Mqtt/deps/wifi/esp8266/src" to "/home/fonfreyde/TMC/Projet/ESP8266/Mqtt/deps/wifi/esp8266/src"
mount from "/home/fonfreyde/TMC/Projet/ESP8266/Mqtt/deps/i2c/include" to "/home/fonfreyde/TMC/Projet/ESP8266/Mqtt/deps/i2c/include"
mount from "/home/fonfreyde/TMC/Projet/ESP8266/Mqtt/deps/atca/include" to "/home/fonfreyde/TMC/Projet/ESP8266/Mqtt/deps/atca/include"
mount from "/home/fonfreyde/TMC/Projet/ESP8266/Mqtt/deps/atca/cryptoauthlib/lib" to "/home/fonfreyde/TMC/Projet/ESP8266/Mqtt/deps/atca/cryptoauthlib/lib"
mount from "/home/fonfreyde/TMC/Projet/ESP8266/Mqtt/deps/mbedtls/include" to "/home/fonfreyde/TMC/Projet/ESP8266/Mqtt/deps/mbedtls/include"
mount from "/home/fonfreyde/TMC/Projet/ESP8266/Mqtt/deps/mbedtls/include/esp8266" to "/home/fonfreyde/TMC/Projet/ESP8266/Mqtt/deps/mbedtls/include/esp8266"
mount from "/home/fonfreyde/TMC/Projet/ESP8266/Mqtt/deps/mbedtls/mbedtls/include" to "/home/fonfreyde/TMC/Projet/ESP8266/Mqtt/deps/mbedtls/mbedtls/include"
mount from "/home/fonfreyde/TMC/Projet/ESP8266/Mqtt/deps/vfs-common/include" to "/home/fonfreyde/TMC/Projet/ESP8266/Mqtt/deps/vfs-common/include"
mount from "/home/fonfreyde/TMC/Projet/ESP8266/Mqtt/deps/vfs-common/include/esp8266" to "/home/fonfreyde/TMC/Projet/ESP8266/Mqtt/deps/vfs-common/include/esp8266"
mount from "/home/fonfreyde/TMC/Projet/ESP8266/Mqtt/deps/mongoose/include" to "/home/fonfreyde/TMC/Projet/ESP8266/Mqtt/deps/mongoose/include"
mount from "/home/fonfreyde/TMC/Projet/ESP8266/Mqtt/deps/vfs-dev-part/include" to "/home/fonfreyde/TMC/Projet/ESP8266/Mqtt/deps/vfs-dev-part/include"
mount from "/home/fonfreyde/TMC/Projet/ESP8266/Mqtt/deps/vfs-fs-spiffs/include" to "/home/fonfreyde/TMC/Projet/ESP8266/Mqtt/deps/vfs-fs-spiffs/include"
mount from "/home/fonfreyde/TMC/Projet/ESP8266/Mqtt/deps/vfs-fs-spiffs/include/spiffs" to "/home/fonfreyde/TMC/Projet/ESP8266/Mqtt/deps/vfs-fs-spiffs/include/spiffs"
mount from "/home/fonfreyde/TMC/Projet/ESP8266/Mqtt/deps/vfs-fs-spiffs/include/esp8266" to "/home/fonfreyde/TMC/Projet/ESP8266/Mqtt/deps/vfs-fs-spiffs/include/esp8266"
mount from "/home/fonfreyde/TMC/Projet/ESP8266/Mqtt/deps/core/include" to "/home/fonfreyde/TMC/Projet/ESP8266/Mqtt/deps/core/include"
mount from "/home/fonfreyde/TMC/Projet/ESP8266/Mqtt/deps/core/include/esp8266" to "/home/fonfreyde/TMC/Projet/ESP8266/Mqtt/deps/core/include/esp8266"
mount from "/home/fonfreyde/TMC/Projet/ESP8266/Mqtt/deps/mqtt/include" to "/home/fonfreyde/TMC/Projet/ESP8266/Mqtt/deps/mqtt/include"
mount from "/home/fonfreyde/TMC/Projet/ESP8266/Mqtt/deps/rpc-common/include" to "/home/fonfreyde/TMC/Projet/ESP8266/Mqtt/deps/rpc-common/include"
mount from "/home/fonfreyde/TMC/Projet/ESP8266/Mqtt/deps/rpc-mqtt/include" to "/home/fonfreyde/TMC/Projet/ESP8266/Mqtt/deps/rpc-mqtt/include"
mount from "/home/fonfreyde/TMC/Projet/ESP8266/Mqtt/deps/rpc-service-config/include" to "/home/fonfreyde/TMC/Projet/ESP8266/Mqtt/deps/rpc-service-config/include"
mount from "/home/fonfreyde/TMC/Projet/ESP8266/Mqtt/deps/rpc-service-fs/include" to "/home/fonfreyde/TMC/Projet/ESP8266/Mqtt/deps/rpc-service-fs/include"
mount from "/home/fonfreyde/TMC/Projet/ESP8266/Mqtt/deps/rpc-uart/include" to "/home/fonfreyde/TMC/Projet/ESP8266/Mqtt/deps/rpc-uart/include"
mount from "/home/fonfreyde/TMC/Projet/ESP8266/Mqtt/deps/wifi/include" to "/home/fonfreyde/TMC/Projet/ESP8266/Mqtt/deps/wifi/include"
mount from "/home/fonfreyde/TMC/Projet/ESP8266/Mqtt/deps/ca-bundle/fs" to "/home/fonfreyde/TMC/Projet/ESP8266/Mqtt/deps/ca-bundle/fs"
mount from "/home/fonfreyde/TMC/Projet/ESP8266/Mqtt/fs" to "/home/fonfreyde/TMC/Projet/ESP8266/Mqtt/fs"
mount from "/home/fonfreyde/TMC/Projet/ESP8266/Mqtt/deps/mbedtls/lib/esp8266" to "/home/fonfreyde/TMC/Projet/ESP8266/Mqtt/deps/mbedtls/lib/esp8266"
mount from "/home/fonfreyde/TMC/Projet/ESP8266/Mqtt/deps/mongoose/lib/esp8266" to "/home/fonfreyde/TMC/Projet/ESP8266/Mqtt/deps/mongoose/lib/esp8266"
mount from "/home/fonfreyde/TMC/Projet/ESP8266/Mqtt/build/gen" to "/home/fonfreyde/TMC/Projet/ESP8266/Mqtt/build/gen"
Docker arguments: run --name mos_build_2019-01-28T18-59-37-00_3652224840737728399 --rm -i -v /home/fonfreyde/TMC/Projet/ESP8266/Mqtt/deps/i2c/src:/home/fonfreyde/TMC/Projet/ESP8266/Mqtt/deps/i2c/src -v /home/fonfreyde/TMC/Projet/ESP8266/Mqtt/deps/atca/cryptoauthlib/lib/basic:/home/fonfreyde/TMC/Projet/ESP8266/Mqtt/deps/atca/cryptoauthlib/lib/basic -v /home/fonfreyde/TMC/Projet/ESP8266/Mqtt/deps/rpc-service-fs/src:/home/fonfreyde/TMC/Projet/ESP8266/Mqtt/deps/rpc-service-fs/src -v /home/fonfreyde/TMC/Projet/ESP8266/Mqtt/deps/i2c/include:/home/fonfreyde/TMC/Projet/ESP8266/Mqtt/deps/i2c/include -v /home/fonfreyde/TMC/Projet/ESP8266/Mqtt/deps/rpc-mqtt/src:/home/fonfreyde/TMC/Projet/ESP8266/Mqtt/deps/rpc-mqtt/src -v /home/fonfreyde/TMC/Projet/ESP8266/Mqtt/deps/vfs-common/src:/home/fonfreyde/TMC/Projet/ESP8266/Mqtt/deps/vfs-common/src -v /home/fonfreyde/TMC/Projet/ESP8266/Mqtt/deps/mbedtls/include/esp8266:/home/fonfreyde/TMC/Projet/ESP8266/Mqtt/deps/mbedtls/include/esp8266 -v /home/fonfreyde/TMC/Projet/ESP8266/Mqtt/deps/core/include/esp8266:/home/fonfreyde/TMC/Projet/ESP8266/Mqtt/deps/core/include/esp8266 -v /home/fonfreyde/TMC/Projet/ESP8266/Mqtt/src:/home/fonfreyde/TMC/Projet/ESP8266/Mqtt/src -v /home/fonfreyde/TMC/Projet/ESP8266/Mqtt/deps/vfs-fs-spiffs/src/spiffs:/home/fonfreyde/TMC/Projet/ESP8266/Mqtt/deps/vfs-fs-spiffs/src/spiffs -v /home/fonfreyde/TMC/Projet/ESP8266/Mqtt/deps/mqtt/src:/home/fonfreyde/TMC/Projet/ESP8266/Mqtt/deps/mqtt/src -v /home/fonfreyde/TMC/Projet/ESP8266/Mqtt/deps/rpc-mqtt/include:/home/fonfreyde/TMC/Projet/ESP8266/Mqtt/deps/rpc-mqtt/include -v /home/fonfreyde/TMC/Projet/ESP8266/Mqtt/deps/vfs-dev-part/src:/home/fonfreyde/TMC/Projet/ESP8266/Mqtt/deps/vfs-dev-part/src -v /home/fonfreyde/TMC/Projet/ESP8266/Mqtt/deps/atca/cryptoauthlib/lib/host:/home/fonfreyde/TMC/Projet/ESP8266/Mqtt/deps/atca/cryptoauthlib/lib/host -v /home/fonfreyde/TMC/Projet/ESP8266/Mqtt/deps/core/src/esp8266:/home/fonfreyde/TMC/Projet/ESP8266/Mqtt/deps/core/src/esp8266 -v /home/fonfreyde/TMC/Projet/ESP8266/Mqtt/deps/rpc-service-config/src:/home/fonfreyde/TMC/Projet/ESP8266/Mqtt/deps/rpc-service-config/src -v /home/fonfreyde/TMC/Projet/ESP8266/Mqtt/deps/mqtt/include:/home/fonfreyde/TMC/Projet/ESP8266/Mqtt/deps/mqtt/include -v /home/fonfreyde/TMC/Projet/ESP8266/Mqtt/fs:/home/fonfreyde/TMC/Projet/ESP8266/Mqtt/fs -v /home/fonfreyde/TMC/Projet/ESP8266/Mqtt/deps/modules/mongoose-os:/home/fonfreyde/TMC/Projet/ESP8266/Mqtt/deps/modules/mongoose-os -v /home/fonfreyde/TMC/Projet/ESP8266/Mqtt/deps/vfs-common/include/esp8266:/home/fonfreyde/TMC/Projet/ESP8266/Mqtt/deps/vfs-common/include/esp8266 -v /home/fonfreyde/TMC/Projet/ESP8266/Mqtt/deps/rpc-service-fs/include:/home/fonfreyde/TMC/Projet/ESP8266/Mqtt/deps/rpc-service-fs/include -v /home/fonfreyde/TMC/Projet/ESP8266/Mqtt/deps/rpc-uart/include:/home/fonfreyde/TMC/Projet/ESP8266/Mqtt/deps/rpc-uart/include -v /home/fonfreyde/TMC/Projet/ESP8266/Mqtt/deps/wifi/include:/home/fonfreyde/TMC/Projet/ESP8266/Mqtt/deps/wifi/include -v /home/fonfreyde/TMC/Projet/ESP8266/Mqtt/deps/vfs-fs-spiffs/src:/home/fonfreyde/TMC/Projet/ESP8266/Mqtt/deps/vfs-fs-spiffs/src -v /home/fonfreyde/TMC/Projet/ESP8266/Mqtt/deps/atca/include:/home/fonfreyde/TMC/Projet/ESP8266/Mqtt/deps/atca/include -v /home/fonfreyde/TMC/Projet/ESP8266/Mqtt/deps/vfs-fs-spiffs/include/spiffs:/home/fonfreyde/TMC/Projet/ESP8266/Mqtt/deps/vfs-fs-spiffs/include/spiffs -v /home/fonfreyde/TMC/Projet/ESP8266/Mqtt/build/gen:/home/fonfreyde/TMC/Projet/ESP8266/Mqtt/build/gen -v /home/fonfreyde/TMC/Projet/ESP8266/Mqtt/deps/atca/cryptoauthlib/lib/crypto:/home/fonfreyde/TMC/Projet/ESP8266/Mqtt/deps/atca/cryptoauthlib/lib/crypto -v /home/fonfreyde/TMC/Projet/ESP8266/Mqtt/deps/vfs-common/src/esp8266:/home/fonfreyde/TMC/Projet/ESP8266/Mqtt/deps/vfs-common/src/esp8266 -v /home/fonfreyde/TMC/Projet/ESP8266/Mqtt/deps/rpc-common/src:/home/fonfreyde/TMC/Projet/ESP8266/Mqtt/deps/rpc-common/src -v /home/fonfreyde/TMC/Projet/ESP8266/Mqtt/deps/rpc-uart/src:/home/fonfreyde/TMC/Projet/ESP8266/Mqtt/deps/rpc-uart/src -v /home/fonfreyde/TMC/Projet/ESP8266/Mqtt/deps/vfs-common/include:/home/fonfreyde/TMC/Projet/ESP8266/Mqtt/deps/vfs-common/include -v /home/fonfreyde/TMC/Projet/ESP8266/Mqtt/deps/mongoose/include:/home/fonfreyde/TMC/Projet/ESP8266/Mqtt/deps/mongoose/include -v /home/fonfreyde/TMC/Projet/ESP8266/Mqtt/deps/vfs-dev-part/include:/home/fonfreyde/TMC/Projet/ESP8266/Mqtt/deps/vfs-dev-part/include -v /home/fonfreyde/TMC/Projet/ESP8266/Mqtt/deps/modules/mongoose-os:/mongoose-os -v /home/fonfreyde/TMC/Projet/ESP8266/Mqtt/deps/atca/cryptoauthlib/lib:/home/fonfreyde/TMC/Projet/ESP8266/Mqtt/deps/atca/cryptoauthlib/lib -v /home/fonfreyde/TMC/Projet/ESP8266/Mqtt/deps/atca/src:/home/fonfreyde/TMC/Projet/ESP8266/Mqtt/deps/atca/src -v /home/fonfreyde/TMC/Projet/ESP8266/Mqtt/deps/ca-bundle/fs:/home/fonfreyde/TMC/Projet/ESP8266/Mqtt/deps/ca-bundle/fs -v /home/fonfreyde/TMC/Projet/ESP8266/Mqtt/deps/wifi/src:/home/fonfreyde/TMC/Projet/ESP8266/Mqtt/deps/wifi/src -v /home/fonfreyde/TMC/Projet/ESP8266/Mqtt/build:/home/fonfreyde/TMC/Projet/ESP8266/Mqtt/build -v /home/fonfreyde/TMC/Projet/ESP8266/Mqtt/deps/rpc-service-atca/src:/home/fonfreyde/TMC/Projet/ESP8266/Mqtt/deps/rpc-service-atca/src -v /home/fonfreyde/TMC/Projet/ESP8266/Mqtt/deps/wifi/esp8266/src:/home/fonfreyde/TMC/Projet/ESP8266/Mqtt/deps/wifi/esp8266/src -v /home/fonfreyde/TMC/Projet/ESP8266/Mqtt/deps/mbedtls/mbedtls/include:/home/fonfreyde/TMC/Projet/ESP8266/Mqtt/deps/mbedtls/mbedtls/include -v /home/fonfreyde/TMC/Projet/ESP8266/Mqtt/deps/i2c/src/common_gpio:/home/fonfreyde/TMC/Projet/ESP8266/Mqtt/deps/i2c/src/common_gpio -v /home/fonfreyde/TMC/Projet/ESP8266/Mqtt/deps/vfs-fs-spiffs/include/esp8266:/home/fonfreyde/TMC/Projet/ESP8266/Mqtt/deps/vfs-fs-spiffs/include/esp8266 -v /home/fonfreyde/TMC/Projet/ESP8266/Mqtt/deps/core/include:/home/fonfreyde/TMC/Projet/ESP8266/Mqtt/deps/core/include -v /home/fonfreyde/TMC/Projet/ESP8266/Mqtt/deps/mbedtls/lib/esp8266:/home/fonfreyde/TMC/Projet/ESP8266/Mqtt/deps/mbedtls/lib/esp8266 -v /home/fonfreyde/TMC/Projet/ESP8266/Mqtt/deps/mongoose/lib/esp8266:/home/fonfreyde/TMC/Projet/ESP8266/Mqtt/deps/mongoose/lib/esp8266 -v /home/fonfreyde/TMC/Projet/ESP8266/Mqtt/deps/vfs-fs-spiffs/include:/home/fonfreyde/TMC/Projet/ESP8266/Mqtt/deps/vfs-fs-spiffs/include -v /home/fonfreyde/TMC/Projet/ESP8266/Mqtt/deps/mbedtls/include:/home/fonfreyde/TMC/Projet/ESP8266/Mqtt/deps/mbedtls/include -v /home/fonfreyde/TMC/Projet/ESP8266/Mqtt/deps/rpc-common/include:/home/fonfreyde/TMC/Projet/ESP8266/Mqtt/deps/rpc-common/include -v /home/fonfreyde/TMC/Projet/ESP8266/Mqtt/deps/atca/cryptoauthlib/lib/hal:/home/fonfreyde/TMC/Projet/ESP8266/Mqtt/deps/atca/cryptoauthlib/lib/hal -v /home/fonfreyde/TMC/Projet/ESP8266/Mqtt/deps/core/src:/home/fonfreyde/TMC/Projet/ESP8266/Mqtt/deps/core/src -v /home/fonfreyde/TMC/Projet/ESP8266/Mqtt:/app -v /home/fonfreyde/TMC/Projet/ESP8266/Mqtt/deps/rpc-service-config/include:/home/fonfreyde/TMC/Projet/ESP8266/Mqtt/deps/rpc-service-config/include --user 0:0 docker.io/mgos/esp8266-build:2.2.1-1.5.0-r4 /bin/bash -c nice make '-j' '4' '-C' '/app' '-f' '/mongoose-os/fw/platforms/esp8266/Makefile.build' 'all' 'MGOS_VARS_FILE=/home/fonfreyde/TMC/Projet/ESP8266/Mqtt/build/gen/vars.mk'
make: Entering directory '/app'
  GEN   /home/fonfreyde/TMC/Projet/ESP8266/Mqtt/build/gen/mgos_config.c
  GEN   /home/fonfreyde/TMC/Projet/ESP8266/Mqtt/build/gen/ffi_exports.c
  CC    /mongoose-os/fw/platforms/esp8266/src/esp_cache.c
  CC    /home/fonfreyde/TMC/Projet/ESP8266/Mqtt/src/main.c
  CC    /home/fonfreyde/TMC/Projet/ESP8266/Mqtt/build/gen/mgos_deps_init.c
CC rboot.c
  CC    /home/fonfreyde/TMC/Projet/ESP8266/Mqtt/deps/i2c/src/mgos_i2c.c
  CC    /home/fonfreyde/TMC/Projet/ESP8266/Mqtt/deps/i2c/src/common_gpio/mgos_i2c_gpio.c
LD /home/fonfreyde/TMC/Projet/ESP8266/Mqtt/build/objs/rboot/rboot.elf
E2 /home/fonfreyde/TMC/Projet/ESP8266/Mqtt/build/objs/rboot/rboot.bin
  CC    /home/fonfreyde/TMC/Projet/ESP8266/Mqtt/deps/atca/src/mgos_atca.c
  CC    /home/fonfreyde/TMC/Projet/ESP8266/Mqtt/deps/atca/cryptoauthlib/lib/atca_cfgs.c
  CC    /home/fonfreyde/TMC/Projet/ESP8266/Mqtt/deps/atca/cryptoauthlib/lib/atca_command.c
  CC    /home/fonfreyde/TMC/Projet/ESP8266/Mqtt/deps/atca/cryptoauthlib/lib/atca_device.c
  CC    /home/fonfreyde/TMC/Projet/ESP8266/Mqtt/deps/atca/cryptoauthlib/lib/atca_iface.c
  CC    /home/fonfreyde/TMC/Projet/ESP8266/Mqtt/deps/atca/cryptoauthlib/lib/basic/atca_basic.c
  CC    /home/fonfreyde/TMC/Projet/ESP8266/Mqtt/deps/atca/cryptoauthlib/lib/basic/atca_helpers.c
  CC    /home/fonfreyde/TMC/Projet/ESP8266/Mqtt/deps/atca/cryptoauthlib/lib/host/atca_host.c
  CC    /home/fonfreyde/TMC/Projet/ESP8266/Mqtt/deps/vfs-common/src/mgos_vfs.c
  CC    /home/fonfreyde/TMC/Projet/ESP8266/Mqtt/deps/vfs-common/src/mgos_vfs_dev.c
  CC    /home/fonfreyde/TMC/Projet/ESP8266/Mqtt/deps/vfs-common/src/mgos_vfs_internal.c
  CC    /home/fonfreyde/TMC/Projet/ESP8266/Mqtt/deps/vfs-common/src/esp8266/esp_flash_writer.c
  CC    /home/fonfreyde/TMC/Projet/ESP8266/Mqtt/deps/vfs-common/src/esp8266/esp_fs.c
  CC    /home/fonfreyde/TMC/Projet/ESP8266/Mqtt/deps/vfs-common/src/esp8266/esp_vfs_dev_sysflash.c
  CC    /home/fonfreyde/TMC/Projet/ESP8266/Mqtt/deps/vfs-dev-part/src/mgos_vfs_dev_part.c
  CC    /home/fonfreyde/TMC/Projet/ESP8266/Mqtt/deps/vfs-fs-spiffs/src/mgos_vfs_fs_spiffs.c
  CC    /home/fonfreyde/TMC/Projet/ESP8266/Mqtt/deps/vfs-fs-spiffs/src/spiffs/spiffs_cache.c
  CC    /home/fonfreyde/TMC/Projet/ESP8266/Mqtt/deps/vfs-fs-spiffs/src/spiffs/spiffs_check.c
  CC    /home/fonfreyde/TMC/Projet/ESP8266/Mqtt/deps/vfs-fs-spiffs/src/spiffs/spiffs_gc.c
  CC    /home/fonfreyde/TMC/Projet/ESP8266/Mqtt/deps/vfs-fs-spiffs/src/spiffs/spiffs_hydrogen.c
  CC    /home/fonfreyde/TMC/Projet/ESP8266/Mqtt/deps/vfs-fs-spiffs/src/spiffs/spiffs_nucleus.c
  CC    /home/fonfreyde/TMC/Projet/ESP8266/Mqtt/deps/core/src/mgos_core.c
  CC    /home/fonfreyde/TMC/Projet/ESP8266/Mqtt/deps/core/src/esp8266/esp_rboot.c
  CC    /home/fonfreyde/TMC/Projet/ESP8266/Mqtt/deps/mqtt/src/mgos_mqtt.c
  CC    /home/fonfreyde/TMC/Projet/ESP8266/Mqtt/deps/rpc-common/src/mg_rpc.c
  CC    /home/fonfreyde/TMC/Projet/ESP8266/Mqtt/deps/rpc-common/src/mg_rpc_channel.c
  CC    /home/fonfreyde/TMC/Projet/ESP8266/Mqtt/deps/rpc-common/src/mg_rpc_channel_http.c
  CC    /home/fonfreyde/TMC/Projet/ESP8266/Mqtt/deps/rpc-common/src/mgos_rpc.c
  CC    /home/fonfreyde/TMC/Projet/ESP8266/Mqtt/deps/rpc-mqtt/src/mgos_rpc_channel_mqtt.c
  CC    /home/fonfreyde/TMC/Projet/ESP8266/Mqtt/deps/rpc-service-atca/src/mgos_atca_service.c
  CC    /home/fonfreyde/TMC/Projet/ESP8266/Mqtt/deps/rpc-service-config/src/mgos_service_config.c
  CC    /home/fonfreyde/TMC/Projet/ESP8266/Mqtt/deps/rpc-service-fs/src/mgos_service_filesystem.c
  CC    /home/fonfreyde/TMC/Projet/ESP8266/Mqtt/deps/rpc-uart/src/mgos_rpc_channel_uart.c
  CC    /home/fonfreyde/TMC/Projet/ESP8266/Mqtt/deps/wifi/src/mgos_wifi.c
  CC    /home/fonfreyde/TMC/Projet/ESP8266/Mqtt/deps/wifi/src/mjs_wifi.c
  CC    /home/fonfreyde/TMC/Projet/ESP8266/Mqtt/deps/wifi/esp8266/src/esp_wifi.c
  CC    /home/fonfreyde/TMC/Projet/ESP8266/Mqtt/build/gen/ffi_exports.c
  CC    /mongoose-os/common/cs_file.c
  CC    /mongoose-os/common/cs_rbuf.c
  CC    /mongoose-os/fw/src/mgos_config_util.c
  CC    /mongoose-os/fw/src/mgos_core_dump.c
  CC    /mongoose-os/fw/src/mgos_dlsym.c
  CC    /mongoose-os/fw/src/mgos_event.c
  CC    /mongoose-os/fw/src/mgos_file_utils.c
  CC    /mongoose-os/fw/src/mgos_gpio.c
  CC    /mongoose-os/fw/src/mgos_hw_timers.c
  CC    /mongoose-os/fw/src/mgos_init.c
  CC    /mongoose-os/fw/src/mgos_time.c
  CC    /mongoose-os/fw/src/mgos_timers.c
  CC    /mongoose-os/fw/src/mgos_mmap_esp.c
  CC    /mongoose-os/fw/src/mgos_sys_config.c
  CC    /home/fonfreyde/TMC/Projet/ESP8266/Mqtt/build/gen/mgos_config.c
  CC    /home/fonfreyde/TMC/Projet/ESP8266/Mqtt/build/gen/mgos_ro_vars.c
  CC    /mongoose-os/fw/src/mgos_system.c
  CC    /mongoose-os/fw/src/mgos_uart.c
  CC    /mongoose-os/fw/src/mgos_utils.c
  CC    /mongoose-os/common/cs_crc32.c
  CC    /mongoose-os/common/platforms/esp8266/rboot/rboot/appcode/rboot-bigflash.c
  CC    /mongoose-os/common/platforms/esp8266/rboot/rboot/appcode/rboot-api.c
  CC    /mongoose-os/common/json_utils.c
  CC    /mongoose-os/common/umm_malloc/umm_malloc.c
  CC    /mongoose-os/frozen/frozen.c
  CC    /mongoose-os/fw/platforms/esp8266/src/esp_config.c
  CC    /mongoose-os/fw/platforms/esp8266/src/esp_coredump.c
  CC    /mongoose-os/fw/platforms/esp8266/src/esp_debug.c
  CC    /mongoose-os/fw/platforms/esp8266/src/esp_exc.c
  CC    /mongoose-os/fw/platforms/esp8266/src/esp_gpio.c
  CC    /mongoose-os/fw/platforms/esp8266/src/esp_hal.c
  CC    /mongoose-os/fw/platforms/esp8266/src/esp_heap_trace.c
  CC    /mongoose-os/fw/platforms/esp8266/src/esp_hw_timers.c
  CC    /mongoose-os/fw/platforms/esp8266/src/esp_hw_wdt.c
  CC    /mongoose-os/fw/platforms/esp8266/src/esp_libc.c
  CC    /mongoose-os/fw/platforms/esp8266/src/esp_main.c
  CC    /mongoose-os/fw/platforms/esp8266/src/esp_periph.c
  CC    /mongoose-os/fw/platforms/esp8266/src/esp_uart.c
  CXX    /mongoose-os/common/util/error_codes.cpp
  CXX    /mongoose-os/common/util/status.cpp
  CC    /mongoose-os/common/platforms/esp8266/esp_crypto.c
  CC    /mongoose-os/common/platforms/esp8266/esp_umm_malloc.c
  CC    /mongoose-os/fw/src/mgos_debug.c
  CC    /mongoose-os/fw/src/mgos_net.c
  CC    /mongoose-os/fw/src/mgos_bitbang.c
  CC    /mongoose-os/fw/platforms/esp8266/src/esp_exc_non_os.c
  AS    /mongoose-os/fw/platforms/esp8266/src/esp_exc_vectors.S -> /home/fonfreyde/TMC/Projet/ESP8266/Mqtt/build/objs/esp_exc_vectors.S.o
  AS    /mongoose-os/fw/platforms/esp8266/src/esp_nsleep100.S -> /home/fonfreyde/TMC/Projet/ESP8266/Mqtt/build/objs/esp_nsleep100.S.o
  CP    /home/fonfreyde/TMC/Projet/ESP8266/Mqtt/build/gen/conf0.json -> /home/fonfreyde/TMC/Projet/ESP8266/Mqtt/build/objs/fs
  CP    /home/fonfreyde/TMC/Projet/ESP8266/Mqtt/deps/ca-bundle/fs/ca.pem -> /home/fonfreyde/TMC/Projet/ESP8266/Mqtt/build/objs/fs
  CP    /home/fonfreyde/TMC/Projet/ESP8266/Mqtt/fs/client.crt -> /home/fonfreyde/TMC/Projet/ESP8266/Mqtt/build/objs/fs
  CP    /home/fonfreyde/TMC/Projet/ESP8266/Mqtt/fs/client.key -> /home/fonfreyde/TMC/Projet/ESP8266/Mqtt/build/objs/fs
  CP    /home/fonfreyde/TMC/Projet/ESP8266/Mqtt/fs/ecc.ca.cert.pem -> /home/fonfreyde/TMC/Projet/ESP8266/Mqtt/build/objs/fs
  CP    /home/fonfreyde/TMC/Projet/ESP8266/Mqtt/fs/index.html -> /home/fonfreyde/TMC/Projet/ESP8266/Mqtt/build/objs/fs
  MKFS  /usr/local/bin/mkspiffs8 262144 4096 256 4096 /home/fonfreyde/TMC/Projet/ESP8266/Mqtt/build/objs/fs -> /home/fonfreyde/TMC/Projet/ESP8266/Mqtt/build/objs/fw_temp/fs.bin
     FS params: size=262144, bs=4096, ps=256, es=4096
       Adding ecc.ca.cert.pem: 1950
       Adding conf0.json: 1588
       Adding ca.pem: 25586
       Adding index.html: 70
       Adding client.crt: 656
       Adding client.key: 302
     FS stats : space total=233681, used=32630, free=201051
  GEN   /home/fonfreyde/TMC/Projet/ESP8266/Mqtt/build/gen/build_info.c
  GEN   /home/fonfreyde/TMC/Projet/ESP8266/Mqtt/build/gen/mg_build_info.c
  AR    /home/fonfreyde/TMC/Projet/ESP8266/Mqtt/build/objs/mongoose-os.a
  CC    /home/fonfreyde/TMC/Projet/ESP8266/Mqtt/build/gen/build_info.c
  CC    /home/fonfreyde/TMC/Projet/ESP8266/Mqtt/build/gen/mg_build_info.c
  LD    /home/fonfreyde/TMC/Projet/ESP8266/Mqtt/build/objs/Mqtt.elf
  FW    /home/fonfreyde/TMC/Projet/ESP8266/Mqtt/build/objs/Mqtt.elf -> /home/fonfreyde/TMC/Projet/ESP8266/Mqtt/build/objs/Mqtt.bin
  GEN    /home/fonfreyde/TMC/Projet/ESP8266/Mqtt/build/objs/fw_temp/manifest.json
  ZIP    /home/fonfreyde/TMC/Projet/ESP8266/Mqtt/build/fw/Mqtt-esp8266-last.zip
     Adding /home/fonfreyde/TMC/Projet/ESP8266/Mqtt/build/objs/fw_temp/Mqtt.bin
     Adding /home/fonfreyde/TMC/Projet/ESP8266/Mqtt/build/objs/fw_temp/esp_init_data_default_v08.bin
     Adding /home/fonfreyde/TMC/Projet/ESP8266/Mqtt/build/objs/fw_temp/fs.bin
     Adding /home/fonfreyde/TMC/Projet/ESP8266/Mqtt/build/objs/fw_temp/rboot.bin
  Built Mqtt/esp8266 version 1.0 (20190128-175943/2.10.0-dirty-master-g01d3f5b73)
make: Leaving directory '/app'
Success, built Mqtt/esp8266 version 1.0 (20190128-175943/2.10.0-dirty-master-g01d3f5b73).
Firmware saved to /home/fonfreyde/TMC/Projet/ESP8266/Mqtt/build/fw.zip
